Classic Timing Analyzer report for lshift_26_28
Thu Nov 09 10:42:31 2023
Quartus II Version 9.1 Build 350 03/24/2010 Service Pack 2 SJ Web Edition


---------------------
; Table of Contents ;
---------------------
  1. Legal Notice
  2. Timing Analyzer Summary
  3. Timing Analyzer Settings
  4. Parallel Compilation
  5. tpd
  6. Timing Analyzer Messages



----------------
; Legal Notice ;
----------------
Copyright (C) 1991-2010 Altera Corporation
Your use of Altera Corporation's design tools, logic functions 
and other software and tools, and its AMPP partner logic 
functions, and any output files from any of the foregoing 
(including device programming or simulation files), and any 
associated documentation or information are expressly subject 
to the terms and conditions of the Altera Program License 
Subscription Agreement, Altera MegaCore Function License 
Agreement, or other applicable license agreement, including, 
without limitation, that your use is for the sole purpose of 
programming logic devices manufactured by Altera and sold by 
Altera or its authorized distributors.  Please refer to the 
applicable agreement for further details.



+---------------------------------------------------------------------------------------------------------------------------------+
; Timing Analyzer Summary                                                                                                         ;
+------------------------------+-------+---------------+-------------+---------+-----------+------------+----------+--------------+
; Type                         ; Slack ; Required Time ; Actual Time ; From    ; To        ; From Clock ; To Clock ; Failed Paths ;
+------------------------------+-------+---------------+-------------+---------+-----------+------------+----------+--------------+
; Worst-case tpd               ; N/A   ; None          ; 8.914 ns    ; D_IN[9] ; D_OUT[11] ; --         ; --       ; 0            ;
; Total number of failed paths ;       ;               ;             ;         ;           ;            ;          ; 0            ;
+------------------------------+-------+---------------+-------------+---------+-----------+------------+----------+--------------+


+-----------------------------------------------------------------------------------------------------------------------------------------------------+
; Timing Analyzer Settings                                                                                                                            ;
+------------------------------------------------------------------------------------------------------+--------------------+------+----+-------------+
; Option                                                                                               ; Setting            ; From ; To ; Entity Name ;
+------------------------------------------------------------------------------------------------------+--------------------+------+----+-------------+
; Device Name                                                                                          ; EP2C70F896C6       ;      ;    ;             ;
; Timing Models                                                                                        ; Final              ;      ;    ;             ;
; Default hold multicycle                                                                              ; Same as Multicycle ;      ;    ;             ;
; Cut paths between unrelated clock domains                                                            ; On                 ;      ;    ;             ;
; Cut off read during write signal paths                                                               ; On                 ;      ;    ;             ;
; Cut off feedback from I/O pins                                                                       ; On                 ;      ;    ;             ;
; Report Combined Fast/Slow Timing                                                                     ; Off                ;      ;    ;             ;
; Ignore Clock Settings                                                                                ; Off                ;      ;    ;             ;
; Analyze latches as synchronous elements                                                              ; On                 ;      ;    ;             ;
; Enable Recovery/Removal analysis                                                                     ; Off                ;      ;    ;             ;
; Enable Clock Latency                                                                                 ; Off                ;      ;    ;             ;
; Use TimeQuest Timing Analyzer                                                                        ; Off                ;      ;    ;             ;
; Minimum Core Junction Temperature                                                                    ; 0                  ;      ;    ;             ;
; Maximum Core Junction Temperature                                                                    ; 85                 ;      ;    ;             ;
; Number of source nodes to report per destination node                                                ; 10                 ;      ;    ;             ;
; Number of destination nodes to report                                                                ; 10                 ;      ;    ;             ;
; Number of paths to report                                                                            ; 200                ;      ;    ;             ;
; Report Minimum Timing Checks                                                                         ; Off                ;      ;    ;             ;
; Use Fast Timing Models                                                                               ; Off                ;      ;    ;             ;
; Report IO Paths Separately                                                                           ; Off                ;      ;    ;             ;
; Perform Multicorner Analysis                                                                         ; On                 ;      ;    ;             ;
; Reports the worst-case path for each clock domain and analysis                                       ; Off                ;      ;    ;             ;
; Reports worst-case timing paths for each clock domain and analysis                                   ; On                 ;      ;    ;             ;
; Specifies the maximum number of worst-case timing paths to report for each clock domain and analysis ; 100                ;      ;    ;             ;
; Removes common clock path pessimism (CCPP) during slack computation                                  ; Off                ;      ;    ;             ;
; Output I/O Timing Endpoint                                                                           ; Near End           ;      ;    ;             ;
+------------------------------------------------------------------------------------------------------+--------------------+------+----+-------------+


Parallel compilation was disabled, but you have multiple processors available. Enable parallel compilation to reduce compilation time.
+-------------------------------------+
; Parallel Compilation                ;
+----------------------------+--------+
; Processors                 ; Number ;
+----------------------------+--------+
; Number detected on machine ; 16     ;
; Maximum allowed            ; 1      ;
+----------------------------+--------+


+--------------------------------------------------------------------+
; tpd                                                                ;
+-------+-------------------+-----------------+----------+-----------+
; Slack ; Required P2P Time ; Actual P2P Time ; From     ; To        ;
+-------+-------------------+-----------------+----------+-----------+
; N/A   ; None              ; 8.914 ns        ; D_IN[9]  ; D_OUT[11] ;
; N/A   ; None              ; 8.910 ns        ; D_IN[11] ; D_OUT[13] ;
; N/A   ; None              ; 8.893 ns        ; D_IN[13] ; D_OUT[15] ;
; N/A   ; None              ; 8.880 ns        ; D_IN[25] ; D_OUT[27] ;
; N/A   ; None              ; 8.880 ns        ; D_IN[23] ; D_OUT[25] ;
; N/A   ; None              ; 8.871 ns        ; D_IN[16] ; D_OUT[18] ;
; N/A   ; None              ; 8.839 ns        ; D_IN[2]  ; D_OUT[4]  ;
; N/A   ; None              ; 8.837 ns        ; D_IN[7]  ; D_OUT[9]  ;
; N/A   ; None              ; 8.835 ns        ; D_IN[21] ; D_OUT[23] ;
; N/A   ; None              ; 8.830 ns        ; D_IN[5]  ; D_OUT[7]  ;
; N/A   ; None              ; 8.820 ns        ; D_IN[22] ; D_OUT[24] ;
; N/A   ; None              ; 8.817 ns        ; D_IN[14] ; D_OUT[16] ;
; N/A   ; None              ; 8.804 ns        ; D_IN[12] ; D_OUT[14] ;
; N/A   ; None              ; 8.763 ns        ; D_IN[19] ; D_OUT[21] ;
; N/A   ; None              ; 8.715 ns        ; D_IN[4]  ; D_OUT[6]  ;
; N/A   ; None              ; 8.651 ns        ; D_IN[24] ; D_OUT[26] ;
; N/A   ; None              ; 8.583 ns        ; D_IN[6]  ; D_OUT[8]  ;
; N/A   ; None              ; 8.100 ns        ; D_IN[10] ; D_OUT[12] ;
; N/A   ; None              ; 8.010 ns        ; D_IN[3]  ; D_OUT[5]  ;
; N/A   ; None              ; 7.970 ns        ; D_IN[17] ; D_OUT[19] ;
; N/A   ; None              ; 7.944 ns        ; D_IN[18] ; D_OUT[20] ;
; N/A   ; None              ; 7.930 ns        ; D_IN[20] ; D_OUT[22] ;
; N/A   ; None              ; 7.910 ns        ; D_IN[8]  ; D_OUT[10] ;
; N/A   ; None              ; 7.896 ns        ; D_IN[15] ; D_OUT[17] ;
; N/A   ; None              ; 4.830 ns        ; D_IN[1]  ; D_OUT[3]  ;
; N/A   ; None              ; 4.744 ns        ; D_IN[0]  ; D_OUT[2]  ;
+-------+-------------------+-----------------+----------+-----------+


+--------------------------+
; Timing Analyzer Messages ;
+--------------------------+
Info: *******************************************************************
Info: Running Quartus II Classic Timing Analyzer
    Info: Version 9.1 Build 350 03/24/2010 Service Pack 2 SJ Web Edition
    Info: Processing started: Thu Nov 09 10:42:31 2023
Info: Command: quartus_tan --read_settings_files=off --write_settings_files=off lshift_26_28 -c lshift_26_28 --timing_analysis_only
Info: Longest tpd from source pin "D_IN[9]" to destination pin "D_OUT[11]" is 8.914 ns
    Info: 1: + IC(0.000 ns) + CELL(0.810 ns) = 0.810 ns; Loc. = PIN_AD22; Fanout = 1; PIN Node = 'D_IN[9]'
    Info: 2: + IC(5.286 ns) + CELL(2.818 ns) = 8.914 ns; Loc. = PIN_AJ26; Fanout = 0; PIN Node = 'D_OUT[11]'
    Info: Total cell delay = 3.628 ns ( 40.70 % )
    Info: Total interconnect delay = 5.286 ns ( 59.30 % )
Info: Quartus II Classic Timing Analyzer was successful. 0 errors, 0 warnings
    Info: Peak virtual memory: 176 megabytes
    Info: Processing ended: Thu Nov 09 10:42:31 2023
    Info: Elapsed time: 00:00:00
    Info: Total CPU time (on all processors): 00:00:00


